<?xml version="1.0" encoding="UTF-8"?>
<!-- Generated by org.testng.reporters.JUnitReportReporter -->
<testsuite hostname="LAPTOP-95V2VCS5" failures="0" tests="6" name="runners.runner" time="74.781" errors="0" timestamp="2025-05-01T23:44:08 IST" skipped="0">
  <testcase classname="runners.runner" name="runScenario" time="12.422"/>
  <testcase classname="runners.runner" name="runScenario" time="9.657"/>
  <testcase classname="runners.runner" name="runScenario" time="12.028"/>
  <testcase classname="runners.runner" name="runScenario" time="18.755"/>
  <testcase classname="runners.runner" name="runScenario" time="10.942"/>
  <testcase classname="runners.runner" name="runScenario" time="10.977"/>
</testsuite> <!-- runners.runner -->
