<?xml version="1.0" encoding="UTF-8"?>
<testng-results ignored="0" total="6" passed="6" failed="0" skipped="0">
  <reporter-output>
  </reporter-output>
  <suite started-at="2025-05-01T23:42:52 IST" name="Default suite" finished-at="2025-05-01T23:44:08 IST" duration-ms="75973">
    <groups>
      <group name="cucumber">
        <method signature="AbstractTestNGCucumberTests.runScenario(io.cucumber.testng.PickleWrapper,io.cucumber.testng.FeatureWrapper)[pri:0, instance:runners.runner@7c9d8e2]" name="runScenario" class="io.cucumber.testng.AbstractTestNGCucumberTests"/>
      </group> <!-- cucumber -->
    </groups>
    <test started-at="2025-05-01T23:42:52 IST" name="Default test" finished-at="2025-05-01T23:44:08 IST" duration-ms="75973">
      <class name="runners.runner">
        <test-method is-config="true" signature="setUpClass(org.testng.ITestContext)[pri:0, instance:runners.runner@7c9d8e2]" started-at="2025-05-01T23:42:52 IST" name="setUpClass" finished-at="2025-05-01T23:42:53 IST" duration-ms="1063" status="PASS">
          <params>
            <param index="0">
              <value>
                <![CDATA[org.testng.TestRunner@6504a875]]>
              </value>
            </param>
          </params>
          <reporter-output>
          </reporter-output>
        </test-method> <!-- setUpClass -->
        <test-method signature="runScenario(io.cucumber.testng.PickleWrapper,io.cucumber.testng.FeatureWrapper)[pri:0, instance:runners.runner@7c9d8e2]" started-at="2025-05-01T23:42:53 IST" name="runScenario" description="Runs Cucumber Scenarios" data-provider="scenarios" finished-at="2025-05-01T23:43:05 IST" duration-ms="12422" status="PASS">
          <params>
            <param index="0">
              <value>
                <![CDATA["Add Item to Cart"]]>
              </value>
            </param>
            <param index="1">
              <value>
                <![CDATA["To verify Adding Items to Cart"]]>
              </value>
            </param>
          </params>
          <reporter-output>
          </reporter-output>
        </test-method> <!-- runScenario -->
        <test-method signature="runScenario(io.cucumber.testng.PickleWrapper,io.cucumber.testng.FeatureWrapper)[pri:0, instance:runners.runner@7c9d8e2]" started-at="2025-05-01T23:43:05 IST" name="runScenario" description="Runs Cucumber Scenarios" data-provider="scenarios" finished-at="2025-05-01T23:43:24 IST" duration-ms="18755" status="PASS">
          <params>
            <param index="0">
              <value>
                <![CDATA["To verify that the user redirects to New message page"]]>
              </value>
            </param>
            <param index="1">
              <value>
                <![CDATA["Contact feature of DemoBlaze application"]]>
              </value>
            </param>
          </params>
          <reporter-output>
          </reporter-output>
        </test-method> <!-- runScenario -->
        <test-method signature="runScenario(io.cucumber.testng.PickleWrapper,io.cucumber.testng.FeatureWrapper)[pri:0, instance:runners.runner@7c9d8e2]" started-at="2025-05-01T23:43:24 IST" name="runScenario" description="Runs Cucumber Scenarios" data-provider="scenarios" finished-at="2025-05-01T23:43:34 IST" duration-ms="9657" status="PASS">
          <params>
            <param index="0">
              <value>
                <![CDATA["To Verify that user is able to send message successfully"]]>
              </value>
            </param>
            <param index="1">
              <value>
                <![CDATA["Contact feature of DemoBlaze application"]]>
              </value>
            </param>
          </params>
          <reporter-output>
          </reporter-output>
        </test-method> <!-- runScenario -->
        <test-method signature="runScenario(io.cucumber.testng.PickleWrapper,io.cucumber.testng.FeatureWrapper)[pri:0, instance:runners.runner@7c9d8e2]" started-at="2025-05-01T23:43:34 IST" name="runScenario" description="Runs Cucumber Scenarios" data-provider="scenarios" finished-at="2025-05-01T23:43:45 IST" duration-ms="10942" status="PASS">
          <params>
            <param index="0">
              <value>
                <![CDATA["To verify the URL for Demo_blaze on Google browser"]]>
              </value>
            </param>
            <param index="1">
              <value>
                <![CDATA["To verify the URL for Demo_blaze on Google browser"]]>
              </value>
            </param>
          </params>
          <reporter-output>
          </reporter-output>
        </test-method> <!-- runScenario -->
        <test-method signature="runScenario(io.cucumber.testng.PickleWrapper,io.cucumber.testng.FeatureWrapper)[pri:0, instance:runners.runner@7c9d8e2]" started-at="2025-05-01T23:43:45 IST" name="runScenario" description="Runs Cucumber Scenarios" data-provider="scenarios" finished-at="2025-05-01T23:43:57 IST" duration-ms="12028" status="PASS">
          <params>
            <param index="0">
              <value>
                <![CDATA["Verify the successful login of DemoBlaze application"]]>
              </value>
            </param>
            <param index="1">
              <value>
                <![CDATA["Login feature of Demoblaze application"]]>
              </value>
            </param>
          </params>
          <reporter-output>
          </reporter-output>
        </test-method> <!-- runScenario -->
        <test-method signature="runScenario(io.cucumber.testng.PickleWrapper,io.cucumber.testng.FeatureWrapper)[pri:0, instance:runners.runner@7c9d8e2]" started-at="2025-05-01T23:43:57 IST" name="runScenario" description="Runs Cucumber Scenarios" data-provider="scenarios" finished-at="2025-05-01T23:44:08 IST" duration-ms="10977" status="PASS">
          <params>
            <param index="0">
              <value>
                <![CDATA["Verify that user is able to place the order"]]>
              </value>
            </param>
            <param index="1">
              <value>
                <![CDATA["To Verify place order of DemoBlaze application"]]>
              </value>
            </param>
          </params>
          <reporter-output>
          </reporter-output>
        </test-method> <!-- runScenario -->
        <test-method is-config="true" signature="tearDownClass()[pri:0, instance:runners.runner@7c9d8e2]" started-at="2025-05-01T23:44:08 IST" name="tearDownClass" finished-at="2025-05-01T23:44:08 IST" duration-ms="37" status="PASS">
          <reporter-output>
          </reporter-output>
        </test-method> <!-- tearDownClass -->
      </class> <!-- runners.runner -->
    </test> <!-- Default test -->
  </suite> <!-- Default suite -->
</testng-results>
